<?xml version="1.0" encoding="UTF-8"?>
<!-- Generated by org.testng.reporters.JUnitReportReporter -->
<testsuite hostname="Manikandan" failures="0" tests="1" name="testRunner.TestRunner" time="60.282" errors="0" timestamp="28 Jun 2023 11:38:01 GMT" skipped="0">
  <testcase classname="testRunner.TestRunner" name="runScenario" time="60.282"/>
</testsuite> <!-- testRunner.TestRunner -->
